  [1m[35m (617.0ms)[0m  [1m[35mCREATE DATABASE "BenchBnB_development" ENCODING = 'unicode'[0m
  ↳ bin/rails:9
  [1m[35m (443.4ms)[0m  [1m[35mCREATE DATABASE "BenchBnB_test" ENCODING = 'unicode'[0m
  ↳ bin/rails:9
  [1m[35mSQL (13.7ms)[0m  [1m[35mCREATE EXTENSION IF NOT EXISTS "plpgsql"[0m
  ↳ db/schema.rb:16
  [1m[35m (0.4ms)[0m  [1m[35mDROP TABLE IF EXISTS "users" CASCADE[0m
  ↳ db/schema.rb:18
  [1m[35m (33.7ms)[0m  [1m[35mCREATE TABLE "users" ("id" bigserial primary key, "username" character varying NOT NULL, "password_digest" character varying NOT NULL, "session_token" character varying NOT NULL, "created_at" timestamp NOT NULL, "updated_at" timestamp NOT NULL)[0m
  ↳ db/schema.rb:18
  [1m[35m (2.0ms)[0m  [1m[35mCREATE  INDEX  "index_users_on_session_token" ON "users"  ("session_token")[0m
  ↳ db/schema.rb:18
  [1m[35m (1.3ms)[0m  [1m[35mCREATE  INDEX  "index_users_on_username" ON "users"  ("username")[0m
  ↳ db/schema.rb:18
  [1m[35m (3.6ms)[0m  [1m[35mCREATE TABLE "schema_migrations" ("version" character varying NOT NULL PRIMARY KEY)[0m
  ↳ db/schema.rb:13
  [1m[35m (0.8ms)[0m  [1m[34mSELECT "schema_migrations"."version" FROM "schema_migrations" ORDER BY "schema_migrations"."version" ASC[0m
  ↳ db/schema.rb:13
  [1m[35m (2.2ms)[0m  [1m[32mINSERT INTO "schema_migrations" (version) VALUES (20181005210016)[0m
  ↳ db/schema.rb:13
  [1m[35m (26.3ms)[0m  [1m[35mCREATE TABLE "ar_internal_metadata" ("key" character varying NOT NULL PRIMARY KEY, "value" character varying, "created_at" timestamp NOT NULL, "updated_at" timestamp NOT NULL)[0m
  ↳ db/schema.rb:13
  [1m[36mActiveRecord::InternalMetadata Load (0.6ms)[0m  [1m[34mSELECT  "ar_internal_metadata".* FROM "ar_internal_metadata" WHERE "ar_internal_metadata"."key" = $1 LIMIT $2[0m  [["key", "environment"], ["LIMIT", 1]]
  ↳ db/schema.rb:13
  [1m[35m (0.2ms)[0m  [1m[35mBEGIN[0m
  ↳ db/schema.rb:13
  [1m[36mActiveRecord::InternalMetadata Create (6.3ms)[0m  [1m[32mINSERT INTO "ar_internal_metadata" ("key", "value", "created_at", "updated_at") VALUES ($1, $2, $3, $4) RETURNING "key"[0m  [["key", "environment"], ["value", "development"], ["created_at", "2018-10-08 16:28:51.097343"], ["updated_at", "2018-10-08 16:28:51.097343"]]
  ↳ db/schema.rb:13
  [1m[35m (6.4ms)[0m  [1m[35mCOMMIT[0m
  ↳ db/schema.rb:13
  [1m[36mActiveRecord::InternalMetadata Load (0.4ms)[0m  [1m[34mSELECT  "ar_internal_metadata".* FROM "ar_internal_metadata" WHERE "ar_internal_metadata"."key" = $1 LIMIT $2[0m  [["key", "environment"], ["LIMIT", 1]]
  ↳ bin/rails:9
  [1m[35m (0.1ms)[0m  [1m[35mBEGIN[0m
  ↳ bin/rails:9
  [1m[35m (0.1ms)[0m  [1m[35mCOMMIT[0m
  ↳ bin/rails:9
  [1m[35mSQL (0.5ms)[0m  [1m[35mCREATE EXTENSION IF NOT EXISTS "plpgsql"[0m
  ↳ db/schema.rb:16
  [1m[35m (0.3ms)[0m  [1m[35mDROP TABLE IF EXISTS "users" CASCADE[0m
  ↳ db/schema.rb:18
  [1m[35m (7.6ms)[0m  [1m[35mCREATE TABLE "users" ("id" bigserial primary key, "username" character varying NOT NULL, "password_digest" character varying NOT NULL, "session_token" character varying NOT NULL, "created_at" timestamp NOT NULL, "updated_at" timestamp NOT NULL)[0m
  ↳ db/schema.rb:18
  [1m[35m (1.8ms)[0m  [1m[35mCREATE  INDEX  "index_users_on_session_token" ON "users"  ("session_token")[0m
  ↳ db/schema.rb:18
  [1m[35m (1.7ms)[0m  [1m[35mCREATE  INDEX  "index_users_on_username" ON "users"  ("username")[0m
  ↳ db/schema.rb:18
  [1m[35m (3.4ms)[0m  [1m[35mCREATE TABLE "schema_migrations" ("version" character varying NOT NULL PRIMARY KEY)[0m
  ↳ db/schema.rb:13
  [1m[35m (0.7ms)[0m  [1m[34mSELECT "schema_migrations"."version" FROM "schema_migrations" ORDER BY "schema_migrations"."version" ASC[0m
  ↳ db/schema.rb:13
  [1m[35m (0.8ms)[0m  [1m[32mINSERT INTO "schema_migrations" (version) VALUES (20181005210016)[0m
  ↳ db/schema.rb:13
  [1m[35m (3.4ms)[0m  [1m[35mCREATE TABLE "ar_internal_metadata" ("key" character varying NOT NULL PRIMARY KEY, "value" character varying, "created_at" timestamp NOT NULL, "updated_at" timestamp NOT NULL)[0m
  ↳ db/schema.rb:13
  [1m[36mActiveRecord::InternalMetadata Load (0.6ms)[0m  [1m[34mSELECT  "ar_internal_metadata".* FROM "ar_internal_metadata" WHERE "ar_internal_metadata"."key" = $1 LIMIT $2[0m  [["key", "environment"], ["LIMIT", 1]]
  ↳ db/schema.rb:13
  [1m[35m (0.2ms)[0m  [1m[35mBEGIN[0m
  ↳ db/schema.rb:13
  [1m[36mActiveRecord::InternalMetadata Create (0.8ms)[0m  [1m[32mINSERT INTO "ar_internal_metadata" ("key", "value", "created_at", "updated_at") VALUES ($1, $2, $3, $4) RETURNING "key"[0m  [["key", "environment"], ["value", "development"], ["created_at", "2018-10-08 16:28:51.193731"], ["updated_at", "2018-10-08 16:28:51.193731"]]
  ↳ db/schema.rb:13
  [1m[35m (0.5ms)[0m  [1m[35mCOMMIT[0m
  ↳ db/schema.rb:13
  [1m[36mActiveRecord::InternalMetadata Load (0.3ms)[0m  [1m[34mSELECT  "ar_internal_metadata".* FROM "ar_internal_metadata" WHERE "ar_internal_metadata"."key" = $1 LIMIT $2[0m  [["key", "environment"], ["LIMIT", 1]]
  ↳ bin/rails:9
  [1m[35m (0.1ms)[0m  [1m[35mBEGIN[0m
  ↳ bin/rails:9
  [1m[36mActiveRecord::InternalMetadata Update (0.4ms)[0m  [1m[33mUPDATE "ar_internal_metadata" SET "value" = $1, "updated_at" = $2 WHERE "ar_internal_metadata"."key" = $3[0m  [["value", "test"], ["updated_at", "2018-10-08 16:28:51.200020"], ["key", "environment"]]
  ↳ bin/rails:9
  [1m[35m (0.5ms)[0m  [1m[35mCOMMIT[0m
  ↳ bin/rails:9
  [1m[35m (0.9ms)[0m  [1m[34mSELECT "schema_migrations"."version" FROM "schema_migrations" ORDER BY "schema_migrations"."version" ASC[0m
  ↳ bin/rails:9
Started GET "/" for 127.0.0.1 at 2018-10-08 09:30:46 -0700
  [1m[35m (0.8ms)[0m  [1m[34mSELECT "schema_migrations"."version" FROM "schema_migrations" ORDER BY "schema_migrations"."version" ASC[0m
  ↳ /Users/stephaniehsu/.rbenv/versions/2.5.0/lib/ruby/gems/2.5.0/gems/activerecord-5.2.1/lib/active_record/log_subscriber.rb:98
Processing by StaticPagesController#root as HTML
  Rendering static_pages/root.html.erb within layouts/application
  Rendered static_pages/root.html.erb within layouts/application (1.2ms)
Completed 200 OK in 1414ms (Views: 1411.5ms | ActiveRecord: 0.0ms)


Started POST "/api/users" for 127.0.0.1 at 2018-10-08 09:34:17 -0700
Processing by Api::UsersController#create as JSON
  Parameters: {"user"=>{"username"=>"pizza", "password"=>"[FILTERED]"}}
  [1m[35m (0.2ms)[0m  [1m[35mBEGIN[0m
  ↳ app/controllers/api/users_controller.rb:4
  [1m[36mUser Create (1.0ms)[0m  [1m[32mINSERT INTO "users" ("username", "password_digest", "session_token", "created_at", "updated_at") VALUES ($1, $2, $3, $4, $5) RETURNING "id"[0m  [["username", "pizza"], ["password_digest", "$2a$10$tg7BvyGOJ.bm91v7R8fsYuF3wYO51nPUH8ErdZL3Jy22AhtVbI9C6"], ["session_token", "c3jtunOeYFLobCV8MI1KtQ"], ["created_at", "2018-10-08 16:34:17.622484"], ["updated_at", "2018-10-08 16:34:17.622484"]]
  ↳ app/controllers/api/users_controller.rb:4
  [1m[35m (2.2ms)[0m  [1m[35mCOMMIT[0m
  ↳ app/controllers/api/users_controller.rb:4
  [1m[35m (0.2ms)[0m  [1m[35mBEGIN[0m
  ↳ app/models/user.rb:29
  [1m[36mUser Update (0.5ms)[0m  [1m[33mUPDATE "users" SET "session_token" = $1, "updated_at" = $2 WHERE "users"."id" = $3[0m  [["session_token", "Kl05nLCKJ6cbxQkgVMnxyQ"], ["updated_at", "2018-10-08 16:34:17.627895"], ["id", 1]]
  ↳ app/models/user.rb:29
  [1m[35m (0.6ms)[0m  [1m[35mCOMMIT[0m
  ↳ app/models/user.rb:29
  Rendering api/users/show.json.jbuilder
  Rendered api/users/_user.json.jbuilder (0.3ms)
  Rendered api/users/show.json.jbuilder (3.7ms)
Completed 200 OK in 97ms (Views: 9.7ms | ActiveRecord: 14.2ms)


  [1m[36mUser Load (0.8ms)[0m  [1m[34mSELECT "users".* FROM "users"[0m
Started DELETE "/api/session" for 127.0.0.1 at 2018-10-08 09:45:56 -0700
Processing by Api::SessionsController#destroy as JSON
  [1m[36mUser Load (0.8ms)[0m  [1m[34mSELECT  "users".* FROM "users" WHERE "users"."session_token" = $1 LIMIT $2[0m  [["session_token", "Kl05nLCKJ6cbxQkgVMnxyQ"], ["LIMIT", 1]]
  ↳ app/controllers/application_controller.rb:5
  [1m[35m (0.3ms)[0m  [1m[35mBEGIN[0m
  ↳ app/models/user.rb:29
  [1m[36mUser Update (0.8ms)[0m  [1m[33mUPDATE "users" SET "session_token" = $1, "updated_at" = $2 WHERE "users"."id" = $3[0m  [["session_token", "Ao0B2zyTWKducA5qHtstRQ"], ["updated_at", "2018-10-08 16:45:56.310651"], ["id", 1]]
  ↳ app/models/user.rb:29
  [1m[35m (6.3ms)[0m  [1m[35mCOMMIT[0m
  ↳ app/models/user.rb:29
  Rendering api/users/show.json.jbuilder
  [1m[36mUser Load (0.4ms)[0m  [1m[34mSELECT  "users".* FROM "users" WHERE "users"."session_token" IS NULL LIMIT $1[0m  [["LIMIT", 1]]
  ↳ app/controllers/application_controller.rb:5
  Rendered api/users/_user.json.jbuilder (1.3ms)
  Rendered api/users/show.json.jbuilder (2.3ms)
Completed 200 OK in 23ms (Views: 8.1ms | ActiveRecord: 8.9ms)


Started DELETE "/api/session" for 127.0.0.1 at 2018-10-08 09:46:48 -0700
Processing by Api::SessionsController#destroy as JSON
  [1m[36mUser Load (0.5ms)[0m  [1m[34mSELECT  "users".* FROM "users" WHERE "users"."session_token" IS NULL LIMIT $1[0m  [["LIMIT", 1]]
  ↳ app/controllers/application_controller.rb:5
Completed 404 Not Found in 2ms (Views: 0.2ms | ActiveRecord: 0.5ms)


Started POST "/api/session" for 127.0.0.1 at 2018-10-08 09:49:20 -0700
Processing by Api::SessionsController#create as JSON
  Parameters: {"user"=>{"username"=>"pizza", "password"=>"[FILTERED]"}}
  [1m[36mUser Load (0.4ms)[0m  [1m[34mSELECT  "users".* FROM "users" WHERE "users"."username" = $1 LIMIT $2[0m  [["username", "pizza"], ["LIMIT", 1]]
  ↳ app/models/user.rb:19
  [1m[35m (0.2ms)[0m  [1m[35mBEGIN[0m
  ↳ app/models/user.rb:29
  [1m[36mUser Update (0.5ms)[0m  [1m[33mUPDATE "users" SET "session_token" = $1, "updated_at" = $2 WHERE "users"."id" = $3[0m  [["session_token", "0w1zyk_3kW6Iv4ZqOx2Dzw"], ["updated_at", "2018-10-08 16:49:20.331546"], ["id", 1]]
  ↳ app/models/user.rb:29
  [1m[35m (5.8ms)[0m  [1m[35mCOMMIT[0m
  ↳ app/models/user.rb:29
  Rendering api/users/show.json.jbuilder
  Rendered api/users/_user.json.jbuilder (0.2ms)
  Rendered api/users/show.json.jbuilder (1.2ms)
Completed 200 OK in 78ms (Views: 6.5ms | ActiveRecord: 6.8ms)


Started DELETE "/api/session" for 127.0.0.1 at 2018-10-08 09:49:34 -0700
Processing by Api::SessionsController#destroy as JSON
  [1m[36mUser Load (0.4ms)[0m  [1m[34mSELECT  "users".* FROM "users" WHERE "users"."session_token" = $1 LIMIT $2[0m  [["session_token", "0w1zyk_3kW6Iv4ZqOx2Dzw"], ["LIMIT", 1]]
  ↳ app/controllers/application_controller.rb:5
  [1m[35m (0.1ms)[0m  [1m[35mBEGIN[0m
  ↳ app/models/user.rb:29
  [1m[36mUser Update (0.4ms)[0m  [1m[33mUPDATE "users" SET "session_token" = $1, "updated_at" = $2 WHERE "users"."id" = $3[0m  [["session_token", "_eKWYzurUnsYUmNbVDb-Uw"], ["updated_at", "2018-10-08 16:49:34.016721"], ["id", 1]]
  ↳ app/models/user.rb:29
  [1m[35m (5.7ms)[0m  [1m[35mCOMMIT[0m
  ↳ app/models/user.rb:29
  Rendering api/users/show.json.jbuilder
  [1m[36mUser Load (0.4ms)[0m  [1m[34mSELECT  "users".* FROM "users" WHERE "users"."session_token" IS NULL LIMIT $1[0m  [["LIMIT", 1]]
  ↳ app/controllers/application_controller.rb:5
  Rendered api/users/_user.json.jbuilder (1.4ms)
  Rendered api/users/show.json.jbuilder (2.5ms)
Completed 200 OK in 20ms (Views: 9.9ms | ActiveRecord: 7.0ms)


Started POST "/api/session" for 127.0.0.1 at 2018-10-08 09:49:43 -0700
Processing by Api::SessionsController#create as JSON
  Parameters: {"user"=>{"username"=>"pizza", "password"=>"[FILTERED]"}}
  [1m[36mUser Load (0.4ms)[0m  [1m[34mSELECT  "users".* FROM "users" WHERE "users"."username" = $1 LIMIT $2[0m  [["username", "pizza"], ["LIMIT", 1]]
  ↳ app/models/user.rb:19
Completed 401 Unauthorized in 63ms (Views: 0.2ms | ActiveRecord: 0.4ms)


Started GET "/" for 127.0.0.1 at 2018-10-08 10:27:57 -0700
Processing by StaticPagesController#root as HTML
  Rendering static_pages/root.html.erb within layouts/application
  Rendered static_pages/root.html.erb within layouts/application (0.5ms)
Completed 200 OK in 44ms (Views: 42.4ms | ActiveRecord: 0.0ms)


Started GET "/" for 127.0.0.1 at 2018-10-08 10:28:35 -0700
Processing by StaticPagesController#root as HTML
  Rendering static_pages/root.html.erb within layouts/application
  Rendered static_pages/root.html.erb within layouts/application (0.4ms)
Completed 200 OK in 41ms (Views: 38.5ms | ActiveRecord: 0.0ms)


Started GET "/" for 127.0.0.1 at 2018-10-08 11:15:58 -0700
Processing by StaticPagesController#root as HTML
  Rendering static_pages/root.html.erb within layouts/application
  Rendered static_pages/root.html.erb within layouts/application (0.3ms)
Completed 200 OK in 302ms (Views: 299.6ms | ActiveRecord: 0.0ms)


Started GET "/" for 127.0.0.1 at 2018-10-08 11:16:42 -0700
Processing by StaticPagesController#root as HTML
  Rendering static_pages/root.html.erb within layouts/application
  Rendered static_pages/root.html.erb within layouts/application (0.4ms)
Completed 200 OK in 257ms (Views: 255.0ms | ActiveRecord: 0.0ms)


Started GET "/" for 127.0.0.1 at 2018-10-08 11:17:13 -0700
Processing by StaticPagesController#root as HTML
  Rendering static_pages/root.html.erb within layouts/application
  Rendered static_pages/root.html.erb within layouts/application (0.3ms)
Completed 200 OK in 275ms (Views: 272.8ms | ActiveRecord: 0.0ms)


Started GET "/" for 127.0.0.1 at 2018-10-08 11:18:00 -0700
Processing by StaticPagesController#root as HTML
  Rendering static_pages/root.html.erb within layouts/application
  Rendered static_pages/root.html.erb within layouts/application (0.3ms)
Completed 200 OK in 286ms (Views: 284.5ms | ActiveRecord: 0.0ms)


Started GET "/" for 127.0.0.1 at 2018-10-08 11:18:19 -0700
Processing by StaticPagesController#root as HTML
  Rendering static_pages/root.html.erb within layouts/application
  Rendered static_pages/root.html.erb within layouts/application (0.3ms)
Completed 200 OK in 249ms (Views: 247.5ms | ActiveRecord: 0.0ms)


Started GET "/" for 127.0.0.1 at 2018-10-08 11:18:38 -0700
Processing by StaticPagesController#root as HTML
  Rendering static_pages/root.html.erb within layouts/application
  Rendered static_pages/root.html.erb within layouts/application (0.5ms)
Completed 200 OK in 44ms (Views: 41.6ms | ActiveRecord: 0.0ms)


Started GET "/" for 127.0.0.1 at 2018-10-08 11:18:55 -0700
Processing by StaticPagesController#root as HTML
  Rendering static_pages/root.html.erb within layouts/application
  Rendered static_pages/root.html.erb within layouts/application (0.6ms)
Completed 200 OK in 275ms (Views: 272.1ms | ActiveRecord: 0.0ms)


Started GET "/" for 127.0.0.1 at 2018-10-08 11:21:06 -0700
Processing by StaticPagesController#root as HTML
  Rendering static_pages/root.html.erb within layouts/application
  Rendered static_pages/root.html.erb within layouts/application (0.3ms)
Completed 200 OK in 260ms (Views: 258.6ms | ActiveRecord: 0.0ms)


Started POST "/api/users" for 127.0.0.1 at 2018-10-08 11:22:17 -0700
Processing by Api::UsersController#create as JSON
  Parameters: {"user"=>{"username"=>"pizza", "password"=>"[FILTERED]"}}
  [1m[35m (0.2ms)[0m  [1m[35mBEGIN[0m
  ↳ app/controllers/api/users_controller.rb:4
  [1m[36mUser Create (0.9ms)[0m  [1m[32mINSERT INTO "users" ("username", "password_digest", "session_token", "created_at", "updated_at") VALUES ($1, $2, $3, $4, $5) RETURNING "id"[0m  [["username", "pizza"], ["password_digest", "$2a$10$xx/Dt8ctiQ6psQ003qWa0.3BcZ7zSUPJrAZYrPHyj3MhFN225Cb0m"], ["session_token", "xPaoVhOgq3sZZlPgQMgLXw"], ["created_at", "2018-10-08 18:22:17.117991"], ["updated_at", "2018-10-08 18:22:17.117991"]]
  ↳ app/controllers/api/users_controller.rb:4
  [1m[35m (5.6ms)[0m  [1m[35mCOMMIT[0m
  ↳ app/controllers/api/users_controller.rb:4
  [1m[35m (0.2ms)[0m  [1m[35mBEGIN[0m
  ↳ app/models/user.rb:29
  [1m[36mUser Update (1.0ms)[0m  [1m[33mUPDATE "users" SET "session_token" = $1, "updated_at" = $2 WHERE "users"."id" = $3[0m  [["session_token", "085EAVgCcEGdNCwGRI4zvg"], ["updated_at", "2018-10-08 18:22:17.126696"], ["id", 2]]
  ↳ app/models/user.rb:29
  [1m[35m (0.5ms)[0m  [1m[35mCOMMIT[0m
  ↳ app/models/user.rb:29
  Rendering api/users/show.json.jbuilder
  Rendered api/users/_user.json.jbuilder (0.2ms)
  Rendered api/users/show.json.jbuilder (1.2ms)
Completed 200 OK in 82ms (Views: 7.1ms | ActiveRecord: 8.5ms)


Started POST "/api/users" for 127.0.0.1 at 2018-10-08 11:22:20 -0700
Processing by Api::UsersController#create as JSON
  Parameters: {"user"=>{"username"=>"pizza", "password"=>"[FILTERED]"}}
  [1m[35m (0.2ms)[0m  [1m[35mBEGIN[0m
  ↳ app/controllers/api/users_controller.rb:4
  [1m[36mUser Create (0.5ms)[0m  [1m[32mINSERT INTO "users" ("username", "password_digest", "session_token", "created_at", "updated_at") VALUES ($1, $2, $3, $4, $5) RETURNING "id"[0m  [["username", "pizza"], ["password_digest", "$2a$10$u33I5raPhQ5nYja1VJjfJ.K8s9DRkeIeD9LoWcOXW6CxCOw29raa6"], ["session_token", "qXxFdYKnvr6pSfZQsK_1HQ"], ["created_at", "2018-10-08 18:22:20.941658"], ["updated_at", "2018-10-08 18:22:20.941658"]]
  ↳ app/controllers/api/users_controller.rb:4
  [1m[35m (5.4ms)[0m  [1m[35mCOMMIT[0m
  ↳ app/controllers/api/users_controller.rb:4
  [1m[35m (0.1ms)[0m  [1m[35mBEGIN[0m
  ↳ app/models/user.rb:29
  [1m[36mUser Update (0.4ms)[0m  [1m[33mUPDATE "users" SET "session_token" = $1, "updated_at" = $2 WHERE "users"."id" = $3[0m  [["session_token", "MxwHEP-7BcZIP67_O6NkBg"], ["updated_at", "2018-10-08 18:22:20.948927"], ["id", 3]]
  ↳ app/models/user.rb:29
  [1m[35m (0.4ms)[0m  [1m[35mCOMMIT[0m
  ↳ app/models/user.rb:29
  Rendering api/users/show.json.jbuilder
  Rendered api/users/_user.json.jbuilder (0.3ms)
  Rendered api/users/show.json.jbuilder (1.2ms)
Completed 200 OK in 78ms (Views: 6.5ms | ActiveRecord: 7.0ms)


  [1m[36mUser Load (0.5ms)[0m  [1m[34mSELECT "users".* FROM "users"[0m
Started POST "/api/users" for 127.0.0.1 at 2018-10-08 11:23:55 -0700
Processing by Api::UsersController#create as JSON
  Parameters: {"user"=>{"username"=>"pizza", "password"=>"[FILTERED]"}}
  [1m[35m (0.2ms)[0m  [1m[35mBEGIN[0m
  ↳ app/controllers/api/users_controller.rb:4
  [1m[36mUser Exists (0.7ms)[0m  [1m[34mSELECT  1 AS one FROM "users" WHERE "users"."username" = $1 LIMIT $2[0m  [["username", "pizza"], ["LIMIT", 1]]
  ↳ app/controllers/api/users_controller.rb:4
  [1m[35m (0.2ms)[0m  [1m[31mROLLBACK[0m
  ↳ app/controllers/api/users_controller.rb:4
Completed 500 Internal Server Error in 87ms (ActiveRecord: 11.1ms)


  
TypeError (no implicit conversion of Symbol into Integer):
  
app/controllers/api/users_controller.rb:8:in `create'
Started GET "/" for 127.0.0.1 at 2018-10-08 11:24:14 -0700
Processing by StaticPagesController#root as HTML
  Rendering static_pages/root.html.erb within layouts/application
  Rendered static_pages/root.html.erb within layouts/application (0.4ms)
Completed 200 OK in 39ms (Views: 37.2ms | ActiveRecord: 0.0ms)


